[    0.000000] Linux version 4.15.0-166-generic (buildd@lgw01-amd64-012) (gcc version 7.5.0 (Ubuntu 7.5.0-3ubuntu1~18.04)) #174-Ubuntu SMP Wed Dec 8 19:07:44 UTC 2021 (Ubuntu 4.15.0-166.174-generic 4.15.18)
[    0.000000] Command line: BOOT_IMAGE=/boot/vmlinuz-4.15.0-166-generic root=LABEL=cloudimg-rootfs ro console=tty1 console=ttyS0
[    0.000000] KERNEL supported cpus:
[    0.000000]   Intel GenuineIntel
[    0.000000]   AMD AuthenticAMD
[    0.000000]   Centaur CentaurHauls
[    0.000000] [Firmware Bug]: TSC doesn't count with P0 frequency!
[    0.000000] x86/fpu: x87 FPU will use FXSAVE
[    0.000000] e820: BIOS-provided physical RAM map:
[    0.000000] BIOS-e820: [mem 0x0000000000000000-0x000000000009fbff] usable
[    0.000000] BIOS-e820: [mem 0x000000000009fc00-0x000000000009ffff] reserved
[    0.000000] BIOS-e820: [mem 0x00000000000f0000-0x00000000000fffff] reserved
[    0.000000] BIOS-e820: [mem 0x0000000000100000-0x000000003ffeffff] usable
[    0.000000] BIOS-e820: [mem 0x000000003fff0000-0x000000003fffffff] ACPI data
[    0.000000] BIOS-e820: [mem 0x00000000fec00000-0x00000000fec00fff] reserved
[    0.000000] BIOS-e820: [mem 0x00000000fee00000-0x00000000fee00fff] reserved
[    0.000000] BIOS-e820: [mem 0x00000000fffc0000-0x00000000ffffffff] reserved
[    0.000000] NX (Execute Disable) protection: active
[    0.000000] SMBIOS 2.5 present.
[    0.000000] DMI: innotek GmbH VirtualBox/VirtualBox, BIOS VirtualBox 12/01/2006
[    0.000000] Hypervisor detected: KVM
[    0.000000] e820: last_pfn = 0x3fff0 max_arch_pfn = 0x400000000
[    0.000000] MTRR: Disabled
[    0.000000] x86/PAT: MTRRs disabled, skipping PAT initialization too.
[    0.000000] CPU MTRRs all blank - virtualized system.
[    0.000000] x86/PAT: Configuration [0-7]: WB  WT  UC- UC  WB  WT  UC- UC  
[    0.000000] found SMP MP-table at [mem 0x0009fff0-0x0009ffff]
[    0.000000] Scanning 1 areas for low memory corruption
[    0.000000] RAMDISK: [mem 0x359cf000-0x36cdefff]
[    0.000000] ACPI: Early table checksum verification disabled
[    0.000000] ACPI: RSDP 0x00000000000E0000 000024 (v02 VBOX  )
[    0.000000] ACPI: XSDT 0x000000003FFF0030 00003C (v01 VBOX   VBOXXSDT 00000001 ASL  00000061)
[    0.000000] ACPI: FACP 0x000000003FFF00F0 0000F4 (v04 VBOX   VBOXFACP 00000001 ASL  00000061)
[    0.000000] ACPI: DSDT 0x000000003FFF0470 002325 (v02 VBOX   VBOXBIOS 00000002 INTL 20100528)
[    0.000000] ACPI: FACS 0x000000003FFF0200 000040
[    0.000000] ACPI: FACS 0x000000003FFF0200 000040
[    0.000000] ACPI: APIC 0x000000003FFF0240 00005C (v02 VBOX   VBOXAPIC 00000001 ASL  00000061)
[    0.000000] ACPI: SSDT 0x000000003FFF02A0 0001CC (v01 VBOX   VBOXCPUT 00000002 INTL 20100528)
[    0.000000] ACPI: Reserving FACP table memory at [mem 0x3fff00f0-0x3fff01e3]
[    0.000000] ACPI: Reserving DSDT table memory at [mem 0x3fff0470-0x3fff2794]
[    0.000000] ACPI: Reserving FACS table memory at [mem 0x3fff0200-0x3fff023f]
[    0.000000] ACPI: Reserving FACS table memory at [mem 0x3fff0200-0x3fff023f]
[    0.000000] ACPI: Reserving APIC table memory at [mem 0x3fff0240-0x3fff029b]
[    0.000000] ACPI: Reserving SSDT table memory at [mem 0x3fff02a0-0x3fff046b]
[    0.000000] No NUMA configuration found
[    0.000000] Faking a node at [mem 0x0000000000000000-0x000000003ffeffff]
[    0.000000] NODE_DATA(0) allocated [mem 0x3ffc5000-0x3ffeffff]
[    0.000000] kvm-clock: cpu 0, msr 0:3ff44001, primary cpu clock
[    0.000000] kvm-clock: Using msrs 4b564d01 and 4b564d00
[    0.000000] kvm-clock: using sched offset of 4496087339 cycles
[    0.000000] clocksource: kvm-clock: mask: 0xffffffffffffffff max_cycles: 0x1cd42e4dffb, max_idle_ns: 881590591483 ns
[    0.000000] Zone ranges:
[    0.000000]   DMA      [mem 0x0000000000001000-0x0000000000ffffff]
[    0.000000]   DMA32    [mem 0x0000000001000000-0x000000003ffeffff]
[    0.000000]   Normal   empty
[    0.000000]   Device   empty
[    0.000000] Movable zone start for each node
[    0.000000] Early memory node ranges
[    0.000000]   node   0: [mem 0x0000000000001000-0x000000000009efff]
[    0.000000]   node   0: [mem 0x0000000000100000-0x000000003ffeffff]
[    0.000000] Reserved but unavailable: 104 pages
[    0.000000] Initmem setup node 0 [mem 0x0000000000001000-0x000000003ffeffff]
[    0.000000] ACPI: PM-Timer IO Port: 0x4008
[    0.000000] IOAPIC[0]: apic_id 2, version 32, address 0xfec00000, GSI 0-23
[    0.000000] ACPI: INT_SRC_OVR (bus 0 bus_irq 0 global_irq 2 dfl dfl)
[    0.000000] ACPI: INT_SRC_OVR (bus 0 bus_irq 9 global_irq 9 low level)
[    0.000000] Using ACPI (MADT) for SMP configuration information
[    0.000000] smpboot: Allowing 2 CPUs, 0 hotplug CPUs
[    0.000000] PM: Registered nosave memory: [mem 0x00000000-0x00000fff]
[    0.000000] PM: Registered nosave memory: [mem 0x0009f000-0x0009ffff]
[    0.000000] PM: Registered nosave memory: [mem 0x000a0000-0x000effff]
[    0.000000] PM: Registered nosave memory: [mem 0x000f0000-0x000fffff]
[    0.000000] e820: [mem 0x40000000-0xfebfffff] available for PCI devices
[    0.000000] Booting paravirtualized kernel on KVM
[    0.000000] clocksource: refined-jiffies: mask: 0xffffffff max_cycles: 0xffffffff, max_idle_ns: 7645519600211568 ns
[    0.000000] random: get_random_bytes called from start_kernel+0x99/0x500 with crng_init=0
[    0.000000] setup_percpu: NR_CPUS:8192 nr_cpumask_bits:2 nr_cpu_ids:2 nr_node_ids:1
[    0.000000] percpu: Embedded 45 pages/cpu s147456 r8192 d28672 u1048576
[    0.000000] PV qspinlock hash table entries: 256 (order: 0, 4096 bytes)
[    0.000000] Built 1 zonelists, mobility grouping on.  Total pages: 257913
[    0.000000] Policy zone: DMA32
[    0.000000] Kernel command line: BOOT_IMAGE=/boot/vmlinuz-4.15.0-166-generic root=LABEL=cloudimg-rootfs ro console=tty1 console=ttyS0
[    0.000000] Memory: 982716K/1048120K available (12300K kernel code, 2483K rwdata, 4320K rodata, 2448K init, 2724K bss, 65404K reserved, 0K cma-reserved)
[    0.000000] SLUB: HWalign=64, Order=0-3, MinObjects=0, CPUs=2, Nodes=1
[    0.000000] ftrace: allocating 39491 entries in 155 pages
[    0.004000] Hierarchical RCU implementation.
[    0.004000] 	RCU restricting CPUs from NR_CPUS=8192 to nr_cpu_ids=2.
[    0.004000] 	Tasks RCU enabled.
[    0.004000] RCU: Adjusting geometry for rcu_fanout_leaf=16, nr_cpu_ids=2
[    0.004000] NR_IRQS: 524544, nr_irqs: 440, preallocated irqs: 16
[    0.004000] Console: colour VGA+ 80x25
[    0.004000] console [tty1] enabled
[    0.004000] console [ttyS0] enabled
[    0.004000] ACPI: Core revision 20170831
[    0.004000] ACPI: 2 ACPI AML tables successfully acquired and loaded
[    0.004000] APIC: Switch to symmetric I/O mode setup
[    0.004000] ..TIMER: vector=0x30 apic1=0 pin1=2 apic2=-1 pin2=-1
[    0.004000] tsc: Detected 4000.008 MHz processor
[    0.004000] Calibrating delay loop (skipped) preset value.. 8000.01 BogoMIPS (lpj=16000032)
[    0.004000] pid_max: default: 32768 minimum: 301
[    0.004000] Security Framework initialized
[    0.004000] Yama: becoming mindful.
[    0.004000] AppArmor: AppArmor initialized
[    0.014746] Dentry cache hash table entries: 131072 (order: 8, 1048576 bytes)
[    0.022414] Inode-cache hash table entries: 65536 (order: 7, 524288 bytes)
[    0.024107] Mount-cache hash table entries: 2048 (order: 2, 16384 bytes)
[    0.028107] Mountpoint-cache hash table entries: 2048 (order: 2, 16384 bytes)
[    0.036715] Last level iTLB entries: 4KB 1024, 2MB 1024, 4MB 512
[    0.040007] Last level dTLB entries: 4KB 2048, 2MB 2048, 4MB 1024, 1GB 0
[    0.044008] Spectre V1 : Mitigation: usercopy/swapgs barriers and __user pointer sanitization
[    0.048006] Spectre V2 : Spectre mitigation: LFENCE not serializing, switching to generic retpoline
[    0.052006] Spectre V2 : Mitigation: Full generic retpoline
[    0.056006] Spectre V2 : Spectre v2 / SpectreRSB mitigation: Filling RSB on context switch
[    0.060007] Speculative Store Bypass: Mitigation: Speculative Store Bypass disabled via prctl and seccomp
[    0.064157] Freeing SMP alternatives memory: 36K
[    0.188651] smpboot: CPU0: AMD Ryzen 3 3300X 4-Core Processor (family: 0x17, model: 0x71, stepping: 0x0)
[    0.192822] Performance Events: PMU not available due to virtualization, using software events only.
[    0.196137] Hierarchical SRCU implementation.
[    0.201014] NMI watchdog: Perf event create on CPU 0 failed with -2
[    0.204007] NMI watchdog: Perf NMI watchdog permanently disabled
[    0.208408] smp: Bringing up secondary CPUs ...
[    0.213167] x86: Booting SMP configuration:
[    0.216009] .... node  #0, CPUs:      #1
[    0.004000] kvm-clock: cpu 1, msr 0:3ff44041, secondary cpu clock
[    0.228000] TSC synchronization [CPU#0 -> CPU#1]:
[    0.228000] Measured 91481 cycles TSC warp between CPUs, turning off TSC clock.
[    0.228000] tsc: Marking TSC unstable due to check_tsc_sync_source failed
[    0.236267] smp: Brought up 1 node, 2 CPUs
[    0.240010] smpboot: Max logical packages: 1
[    0.244007] smpboot: Total of 2 processors activated (16000.03 BogoMIPS)
[    0.252570] devtmpfs: initialized
[    0.256555] x86/mm: Memory block size: 128MB
[    0.264988] evm: security.selinux
[    0.272008] evm: security.SMACK64
[    0.280006] evm: security.SMACK64EXEC
[    0.284008] evm: security.SMACK64TRANSMUTE
[    0.292006] evm: security.SMACK64MMAP
[    0.296007] evm: security.apparmor
[    0.300016] evm: security.ima
[    0.304007] evm: security.capability
[    0.312015] clocksource: jiffies: mask: 0xffffffff max_cycles: 0xffffffff, max_idle_ns: 7645041785100000 ns
[    0.320022] futex hash table entries: 512 (order: 3, 32768 bytes)
[    0.324340] pinctrl core: initialized pinctrl subsystem
[    0.328561] RTC time: 13:55:05, date: 01/14/22
[    0.337206] NET: Registered protocol family 16
[    0.340182] audit: initializing netlink subsys (disabled)
[    0.344236] audit: type=2000 audit(1642168510.814:1): state=initialized audit_enabled=0 res=1
[    0.348117] cpuidle: using governor ladder
[    0.352193] cpuidle: using governor menu
[    0.360221] ACPI: bus type PCI registered
[    0.364007] acpiphp: ACPI Hot Plug PCI Controller Driver version: 0.5
[    0.372514] PCI: Using configuration type 1 for base access
[    0.376004] PCI: Using configuration type 1 for extended access
[    0.384342] HugeTLB registered 2.00 MiB page size, pre-allocated 0 pages
[    0.392360] ACPI: Added _OSI(Module Device)
[    0.396005] ACPI: Added _OSI(Processor Device)
[    0.399396] ACPI: Added _OSI(3.0 _SCP Extensions)
[    0.400009] ACPI: Added _OSI(Processor Aggregator Device)
[    0.404012] ACPI: Added _OSI(Linux-Dell-Video)
[    0.408014] ACPI: Added _OSI(Linux-Lenovo-NV-HDMI-Audio)
[    0.412010] ACPI: Added _OSI(Linux-HPI-Hybrid-Graphics)
[    0.416928] ACPI: Executed 1 blocks of module-level executable AML code
[    0.428000] ACPI: Interpreter enabled
[    0.428024] ACPI: (supports S0 S5)
[    0.432005] ACPI: Using IOAPIC for interrupt routing
[    0.436530] PCI: Using host bridge windows from ACPI; if necessary, use "pci=nocrs" and report a bug
[    0.440313] ACPI: Enabled 2 GPEs in block 00 to 07
[    0.455287] ACPI: PCI Root Bridge [PCI0] (domain 0000 [bus 00-ff])
[    0.456020] acpi PNP0A03:00: _OSC: OS supports [ExtendedConfig ASPM ClockPM Segments MSI]
[    0.461572] acpi PNP0A03:00: _OSC: platform does not support [PCIeCapability]
[    0.464867] acpi PNP0A03:00: _OSC: not requesting control; platform does not support [PCIeCapability]
[    0.468009] acpi PNP0A03:00: _OSC: OS requested [PCIeHotplug PME AER PCIeCapability]
[    0.472010] acpi PNP0A03:00: _OSC: platform willing to grant [PCIeHotplug PME AER]
[    0.476009] acpi PNP0A03:00: _OSC failed (AE_SUPPORT); disabling ASPM
[    0.480771] PCI host bridge to bus 0000:00
[    0.484011] pci_bus 0000:00: root bus resource [io  0x0000-0x0cf7 window]
[    0.488010] pci_bus 0000:00: root bus resource [io  0x0d00-0xffff window]
[    0.492011] pci_bus 0000:00: root bus resource [mem 0x000a0000-0x000bffff window]
[    0.496010] pci_bus 0000:00: root bus resource [mem 0x40000000-0xfdffffff window]
[    0.500008] pci_bus 0000:00: root bus resource [bus 00-ff]
[    0.514691] pci 0000:00:01.1: legacy IDE quirk: reg 0x10: [io  0x01f0-0x01f7]
[    0.516009] pci 0000:00:01.1: legacy IDE quirk: reg 0x14: [io  0x03f6]
[    0.520006] pci 0000:00:01.1: legacy IDE quirk: reg 0x18: [io  0x0170-0x0177]
[    0.524006] pci 0000:00:01.1: legacy IDE quirk: reg 0x1c: [io  0x0376]
[    0.595013] pci 0000:00:07.0: quirk: [io  0x4000-0x403f] claimed by PIIX4 ACPI
[    0.596040] pci 0000:00:07.0: quirk: [io  0x4100-0x410f] claimed by PIIX4 SMB
[    0.608257] ACPI: PCI Interrupt Link [LNKA] (IRQs 5 9 10 *11)
[    0.612537] ACPI: PCI Interrupt Link [LNKB] (IRQs 5 9 *10 11)
[    0.616225] ACPI: PCI Interrupt Link [LNKC] (IRQs 5 *9 10 11)
[    0.620209] ACPI: PCI Interrupt Link [LNKD] (IRQs 5 9 10 *11)
[    0.624866] SCSI subsystem initialized
[    0.628170] pci 0000:00:02.0: vgaarb: setting as boot VGA device
[    0.632000] pci 0000:00:02.0: vgaarb: VGA device added: decodes=io+mem,owns=io+mem,locks=none
[    0.632005] pci 0000:00:02.0: vgaarb: bridge control possible
[    0.636004] vgaarb: loaded
[    0.640062] ACPI: bus type USB registered
[    0.643072] usbcore: registered new interface driver usbfs
[    0.644036] usbcore: registered new interface driver hub
[    0.648012] usbcore: registered new device driver usb
[    0.656148] EDAC MC: Ver: 3.0.0
[    0.660649] PCI: Using ACPI for IRQ routing
[    0.664667] NetLabel: Initializing
[    0.668002] NetLabel:  domain hash size = 128
[    0.672002] NetLabel:  protocols = UNLABELED CIPSOv4 CALIPSO
[    0.676014] NetLabel:  unlabeled traffic allowed by default
[    0.680331] clocksource: Switched to clocksource kvm-clock
[    0.739115] VFS: Disk quotas dquot_6.6.0
[    0.742397] VFS: Dquot-cache hash table entries: 512 (order 0, 4096 bytes)
[    0.748007] AppArmor: AppArmor Filesystem Enabled
[    0.751789] pnp: PnP ACPI init
[    0.756360] pnp: PnP ACPI: found 3 devices
[    0.792376] clocksource: acpi_pm: mask: 0xffffff max_cycles: 0xffffff, max_idle_ns: 2085701024 ns
[    0.798993] NET: Registered protocol family 2
[    0.803025] IP idents hash table entries: 16384 (order: 5, 131072 bytes)
[    0.808412] TCP established hash table entries: 8192 (order: 4, 65536 bytes)
[    0.813911] TCP bind hash table entries: 8192 (order: 5, 131072 bytes)
[    0.819551] TCP: Hash tables configured (established 8192 bind 8192)
[    0.825298] UDP hash table entries: 512 (order: 2, 16384 bytes)
[    0.829911] UDP-Lite hash table entries: 512 (order: 2, 16384 bytes)
[    0.834927] NET: Registered protocol family 1
[    0.838450] pci 0000:00:00.0: Limiting direct PCI/PCI transfers
[    0.843307] pci 0000:00:01.0: Activating ISA DMA hang workarounds
[    0.848342] pci 0000:00:02.0: Video device with shadowed ROM at [mem 0x000c0000-0x000dffff]
[    0.855277] Unpacking initramfs...
[    1.374139] Freeing initrd memory: 19520K
[    1.377722] clocksource: tsc: mask: 0xffffffffffffffff max_cycles: 0x39a863e9fad, max_idle_ns: 440795321273 ns
[    1.385806] platform rtc_cmos: registered platform RTC device (no PNP device found)
[    1.392404] Scanning for low memory corruption every 60 seconds
[    1.398440] Initialise system trusted keyrings
[    1.402188] Key type blacklist registered
[    1.406050] workingset: timestamp_bits=36 max_order=18 bucket_order=0
[    1.413086] zbud: loaded
[    1.416241] squashfs: version 4.0 (2009/01/31) Phillip Lougher
[    1.422032] fuse init (API version 7.26)
[    1.450017] Key type asymmetric registered
[    1.453558] Asymmetric key parser 'x509' registered
[    1.457347] Block layer SCSI generic (bsg) driver version 0.4 loaded (major 246)
[    1.463651] io scheduler noop registered
[    1.466805] io scheduler deadline registered
[    1.470177] io scheduler cfq registered (default)
[    1.474077] ACPI: AC Adapter [AC] (on-line)
[    1.477417] input: Power Button as /devices/LNXSYSTM:00/LNXPWRBN:00/input/input0
[    1.482935] ACPI: Power Button [PWRF]
[    1.485932] input: Sleep Button as /devices/LNXSYSTM:00/LNXSLPBN:00/input/input1
[    1.491330] ACPI: Sleep Button [SLPF]
[    1.495377] Serial: 8250/16550 driver, 32 ports, IRQ sharing enabled
[    1.528833] 00:02: ttyS0 at I/O 0x3f8 (irq = 4, base_baud = 115200) is a 16550A
[    1.547290] Linux agpgart interface v0.103
[    1.555500] loop: module loaded
[    1.559960] scsi host0: ata_piix
[    1.562872] scsi host1: ata_piix
[    1.565357] ata1: PATA max UDMA/33 cmd 0x1f0 ctl 0x3f6 bmdma 0xd000 irq 14
[    1.569306] ata2: PATA max UDMA/33 cmd 0x170 ctl 0x376 bmdma 0xd008 irq 15
[    1.575294] libphy: Fixed MDIO Bus: probed
[    1.578425] tun: Universal TUN/TAP device driver, 1.6
[    1.582233] PPP generic driver version 2.4.2
[    1.585880] ehci_hcd: USB 2.0 'Enhanced' Host Controller (EHCI) Driver
[    1.590561] ehci-pci: EHCI PCI platform driver
[    1.593908] ehci-platform: EHCI generic platform driver
[    1.597774] ohci_hcd: USB 1.1 'Open' Host Controller (OHCI) Driver
[    1.601724] ohci-pci: OHCI PCI platform driver
[    1.605491] ohci-platform: OHCI generic platform driver
[    1.609283] uhci_hcd: USB Universal Host Controller Interface driver
[    1.614064] i8042: PNP: PS/2 Controller [PNP0303:PS2K,PNP0f03:PS2M] at 0x60,0x64 irq 1,12
[    1.622449] serio: i8042 KBD port at 0x60,0x64 irq 1
[    1.626183] serio: i8042 AUX port at 0x60,0x64 irq 12
[    1.630428] mousedev: PS/2 mouse device common for all mice
[    1.637821] rtc_cmos rtc_cmos: rtc core: registered rtc_cmos as rtc0
[    1.637891] input: AT Translated Set 2 keyboard as /devices/platform/i8042/serio0/input/input2
[    1.643300] rtc_cmos rtc_cmos: alarms up to one day, 114 bytes nvram
[    1.654542] i2c /dev entries driver
[    1.657878] device-mapper: uevent: version 1.0.3
[    1.662515] device-mapper: ioctl: 4.37.0-ioctl (2017-09-20) initialised: dm-devel@redhat.com
[    1.669143] ledtrig-cpu: registered to indicate activity on CPUs
[    1.674788] NET: Registered protocol family 10
[    1.684752] Segment Routing with IPv6
[    1.687715] NET: Registered protocol family 17
[    1.692615] Key type dns_resolver registered
[    1.696406] mce: Using 0 MCE banks
[    1.698909] RAS: Correctable Errors collector initialized.
[    1.702953] sched_clock: Marking stable (1702904394, 0)->(2514807580, -811903186)
[    1.710582] registered taskstats version 1
[    1.713701] Loading compiled-in X.509 certificates
[    1.720776] Loaded X.509 cert 'Build time autogenerated kernel key: 408b96eb428cbe545a63e9a677d083d5c6df802b'
[    1.728297] Loaded X.509 cert 'Canonical Ltd. Live Patch Signing: 14df34d1a87cf37625abec039ef2bf521249b969'
[    1.735533] Loaded X.509 cert 'Canonical Ltd. Kernel Module Signing: 88f752e560a1e0737e31163a466ad7b70a850c19'
[    1.743392] blacklist: Loading compiled-in revocation X.509 certificates
[    1.749461] Loaded X.509 cert 'Canonical Ltd. Secure Boot Signing: 61482aa2830d0ab2ad5af10b7250da9033ddcef0'
[    1.758239] zswap: loaded using pool lzo/zbud
[    1.795181] Key type big_key registered
[    1.798243] Key type trusted registered
[    1.804128] Key type encrypted registered
[    1.806978] AppArmor: AppArmor sha1 policy hashing enabled
[    1.810996] ima: No TPM chip found, activating TPM-bypass! (rc=-19)
[    1.815517] ima: Allocated hash algorithm: sha1
[    1.819892] evm: HMAC attrs: 0x1
[    1.822906]   Magic number: 6:290:938
[    1.826119] rtc_cmos rtc_cmos: setting system clock to 2022-01-14 13:55:07 UTC (1642168507)
[    1.832511] BIOS EDD facility v0.16 2004-Jun-25, 0 devices found
[    1.836824] EDD information not available.
[    1.843041] Freeing unused kernel image memory: 2448K
[    1.860971] Write protecting the kernel read-only data: 20480k
[    1.865957] Freeing unused kernel image memory: 2008K
[    1.869939] Freeing unused kernel image memory: 1824K
[    1.879336] x86/mm: Checked W+X mappings: passed, no W+X pages found.
Loading, please wait...
starting version 237
[    1.946726] e1000: Intel(R) PRO/1000 Network Driver - version 7.3.21-k8-NAPI
[    1.952899] e1000: Copyright (c) 1999-2006 Intel Corporation.
[    1.966269] Fusion MPT base driver 3.04.20
[    1.969974] Copyright (c) 1999-2008 LSI Corporation
[    1.985373] Fusion MPT SPI Host driver 3.04.20
[    2.836747] input: ImExPS/2 Generic Explorer Mouse as /devices/platform/i8042/serio1/input/input4
[    2.886777] e1000 0000:00:03.0 eth0: (PCI:33MHz:32-bit) 02:0f:94:a1:da:7f
[    2.891801] e1000 0000:00:03.0 eth0: Intel(R) PRO/1000 Network Connection
[    2.898172] e1000 0000:00:03.0 enp0s3: renamed from eth0
[    2.898382] mptbase: ioc0: Initiating bringup
[    3.002226] ioc0: LSI53C1030 A0: Capabilities={Initiator}
[    3.254884] scsi host2: ioc0: LSI53C1030 A0, FwRev=00000000h, Ports=1, MaxQ=256, IRQ=20
[    3.429363] scsi 2:0:0:0: Direct-Access     VBOX     HARDDISK         1.0  PQ: 0 ANSI: 5
[    3.464506] scsi target2:0:0: Beginning Domain Validation
[    3.474473] scsi target2:0:0: Domain Validation skipping write tests
[    3.479296] scsi target2:0:0: Ending Domain Validation
[    3.483606] scsi target2:0:0: asynchronous
[    3.488723] scsi 2:0:1:0: Direct-Access     VBOX     HARDDISK         1.0  PQ: 0 ANSI: 5
[    3.524231] scsi target2:0:1: Beginning Domain Validation
[    3.531111] random: fast init done
[    3.538470] scsi target2:0:1: Domain Validation skipping write tests
[    3.543346] scsi target2:0:1: Ending Domain Validation
[    3.547905] scsi target2:0:1: asynchronous
[    3.561112] sd 2:0:0:0: Attached scsi generic sg0 type 0
[    3.561279] random: systemd-udevd: uninitialized urandom read (16 bytes read)
[    3.565919] sd 2:0:1:0: Attached scsi generic sg1 type 0
[    3.571673] sd 2:0:0:0: [sda] 83886080 512-byte logical blocks: (42.9 GB/40.0 GiB)
[    3.581690] random: systemd-udevd: uninitialized urandom read (16 bytes read)
[    3.587288] random: systemd-udevd: uninitialized urandom read (16 bytes read)
[    3.587411] sd 2:0:0:0: [sda] Write Protect is off
[    3.593227] sd 2:0:1:0: [sdb] 20480 512-byte logical blocks: (10.5 MB/10.0 MiB)
[    3.602463] sd 2:0:1:0: [sdb] Write Protect is off
[    3.606814] sd 2:0:0:0: [sda] Incomplete mode parameter data
[    3.607277] sd 2:0:1:0: [sdb] Incomplete mode parameter data
[    3.612349] sd 2:0:0:0: [sda] Assuming drive cache: write through
[    3.616862] sd 2:0:1:0: [sdb] Assuming drive cache: write through
[    3.632162]  sda: sda1
[    3.637055] sd 2:0:1:0: [sdb] Attached SCSI disk
[    3.641271] sd 2:0:0:0: [sda] Attached SCSI disk
Begin: Loading essential drivers ... [    5.432226] raid6: sse2x1   gen()  7722 MB/s
[    5.480083] raid6: sse2x1   xor()  7005 MB/s
[    5.528089] raid6: sse2x2   gen() 16489 MB/s
[    5.576097] raid6: sse2x2   xor()  9970 MB/s
[    5.624621] raid6: sse2x4   gen() 16791 MB/s
[    5.672662] raid6: sse2x4   xor()  9532 MB/s
[    5.676051] raid6: using algorithm sse2x4 gen() 16791 MB/s
[    5.680148] raid6: .... xor() 9532 MB/s, rmw enabled
[    5.684536] raid6: using ssse3x2 recovery algorithm
[    5.699419] xor: measuring software checksum speed
[    5.741755]    prefetch64-sse: 23147.000 MB/sec
[    5.784042]    generic_sse: 16760.000 MB/sec
[    5.787735] xor: using function: prefetch64-sse (23147.000 MB/sec)
[    5.795129] async_tx: api initialized (async)
done.
Begin: Running /scripts/init-premount ... done.
Begin: Mounting root file system ... Begin: Running /scripts/local-top ... done.
Begin: Running /scripts/local-premount ... [    5.849374] Btrfs loaded, crc32c=crc32c-intel
Scanning for Btrfs filesystems
done.
Warning: fsck not present, so skipping root file system
[    5.892370] EXT4-fs (sda1): mounted filesystem with ordered data mode. Opts: (null)
done.
Begin: Running /scripts/local-bottom ... done.
Begin: Running /scripts/init-bottom ... done.
[    6.089972] ip_tables: (C) 2000-2006 Netfilter Core Team
[    6.105967] systemd[1]: systemd 237 running in system mode. (+PAM +AUDIT +SELINUX +IMA +APPARMOR +SMACK +SYSVINIT +UTMP +LIBCRYPTSETUP +GCRYPT +GNUTLS +ACL +XZ +LZ4 +SECCOMP +BLKID +ELFUTILS +KMOD -IDN2 +IDN -PCRE2 default-hierarchy=hybrid)
[    6.122043] systemd[1]: Detected virtualization oracle.
[    6.126462] systemd[1]: Detected architecture x86-64.

Welcome to [1mUbuntu 18.04.6 LTS[0m!

[    6.157771] systemd[1]: Set hostname to <ubuntu>.
[    6.166436] systemd[1]: Initializing machine ID from random generator.
[    6.172233] systemd[1]: Installed transient /etc/machine-id file.
[    6.527599] systemd[1]: Reached target System Time Synchronized.
[[0;32m  OK  [0m] Reached target System Time Synchronized.
[    6.544985] systemd[1]: Created slice User and Session Slice.
[[0;32m  OK  [0m] Created slice User and Session Slice.
[    6.552561] systemd[1]: Created slice System Slice.
[[0;32m  OK  [0m] Created slice System Slice.
[    6.557859] systemd[1]: Listening on udev Kernel Socket.
[[0;32m  OK  [0m] Listening on udev Kernel Socket.
[[0;32m  OK  [0m] Listening on LVM2 poll daemon socket.
[[0;32m  OK  [0m] Listening on LVM2 metadata daemon socket.
[[0;32m  OK  [0m] Listening on Journal Socket (/dev/log).
[[0;32m  OK  [0m] Listening on Device-mapper event daemon FIFOs.
[[0;32m  OK  [0m] Listening on Network Service Netlink Socket.
[[0;32m  OK  [0m] Listening on /dev/initctl Compatibility Named Pipe.
[[0;32m  OK  [0m] Listening on Journal Socket.
         Starting Set the console keyboard layout...
         Mounting Kernel Debug File System...
         Starting Monitoring of LVM2 mirrors…ng dmeventd or progress polling...
         Mounting POSIX Message Queue File System...
[[0;32m  OK  [0m] Listening on Journal Audit Socket.
[[0;32m  OK  [0m] Listening on Syslog Socket.
         Starting Journal Service...
         Mounting Huge Pages File System...
         Starting Create list of required st…ce nodes for the current kernel...
[[0;32m  OK  [0m] Listening on fsck to fsckd communication Socket.
[[0;32m  OK  [0m] Reached target Slices.
[[0;32m  OK  [0m] Set up automount Arbitrary Executab…rmats File System Automount Point.
         Starting Uncomplicated firewall...
         Starting Load Kernel Modules...
         Starting File System Check on Root Device...
[[0;32m  OK  [0m] Created slice system-serial\x2dgetty.slice.
[[0;32m  OK  [0m] Reached target Swap.
[[0;32m  OK  [0m] Listening on udev Control Socket.
         Starting udev Coldplug all Devices...
[[0;32m  OK  [0m] Started Forward Password Requests to Wall Directory Watch.
[[0;32m  OK  [0m] Reached target User and Group Name Lookups.
[[0;32m  OK  [0m] Mounted Kernel Debug File System.
[[0;32m  OK  [0m] Mounted POSIX Message Queue File System.
[[0;32m  OK  [0m] Mounted Huge Pages File System.
[[0;32m  OK  [0m] Started Create list of required sta…vice nodes for the current kernel.
[    6.703296] Loading iSCSI transport class v2.0-870.
[[0;32m  OK  [0m] Started Uncomplicated firewall.
[[0;32m  OK  [0m] Started Journal Service.
[[0;32m  OK  [0m] Started File System Check Daemon to report status.
[[0;32m  OK  [0m] Started LVM2 metadata daemon.
         Starting Create Static Device Nodes in /dev...
[    6.747300] iscsi: registered transport (tcp)
[    6.779311] iscsi: registered transport (iser)
[[0;32m  OK  [0m] Started Load Kernel Modules.
         Mounting FUSE Control File System...
         Mounting Kernel Configuration File System...
         Starting Apply Kernel Variables...
[[0;32m  OK  [0m] Mounted Kernel Configuration File System.
[[0;32m  OK  [0m] Started udev Coldplug all Devices.
[[0;32m  OK  [0m] Mounted FUSE Control File System.
[[0;32m  OK  [0m] Started Create Static Device Nodes in /dev.
[[0;32m  OK  [0m] Started File System Check on Root Device.
         Starting Remount Root and Kernel File Systems...
[[0;32m  OK  [0m] Started Monitoring of LVM2 mirrors,…sing dmeventd or progress polling.
[[0;32m  OK  [0m] Started Apply Kernel Variables.
[[0;32m  OK  [0m] Started Remount Root and Kernel File Systems.
         Starting Load/Save Random Seed...
         Starting udev Kernel Device Manager...
         Starting Flush Journal to Persistent Storage...
[[0;32m  OK  [0m] Started Load/Save Random Seed.
[[0;32m  OK  [0m] Started Set the console keyboard layout.
[[0;32m  OK  [0m] Reached target Local File Systems (Pre).
[[0;32m  OK  [0m] Reached target Local File Systems.
         Starting ebtables ruleset management...
         Starting Tell Plymouth To Write Out Runtime Data...
         Starting Set console font and keymap...
         Starting AppArmor initialization...
         Starting Commit a transient machine-id on disk...
[[0;32m  OK  [0m] Started Flush Journal to Persistent Storage.
         Starting Create Volatile Files and Directories...
[[0;32m  OK  [0m] Started udev Kernel Device Manager.
[[0;32m  OK  [0m] Started Dispatch Password Requests to Console Directory Watch.
[[0;32m  OK  [0m] Reached target Local Encrypted Volumes.
[[0;32m  OK  [0m] Started Set console font and keymap.
[[0;32m  OK  [0m] Started Tell Plymouth To Write Out Runtime Data.
[[0;32m  OK  [0m] Started Create Volatile Files and Directories.
         Starting Update UTMP about System Boot/Shutdown...
[[0;32m  OK  [0m] Started Update UTMP about System Boot/Shutdown.
[[0;32m  OK  [0m] Started Commit a transient machine-id on disk.
[[0;32m  OK  [0m] Started ebtables ruleset management.
[[0;32m  OK  [0m] Found device /dev/ttyS0.
[[0;32m  OK  [0m] Listening on Load/Save RF Kill Switch Status /dev/rfkill Watch.
[[0;32m  OK  [0m] Started AppArmor initialization.
         Starting Load AppArmor profiles managed internally by snapd...
         Starting Initial cloud-init job (pre-networking)...
[[0;32m  OK  [0m] Started Load AppArmor profiles managed internally by snapd.
[    9.446396] cloud-init[534]: Cloud-init v. 21.4-0ubuntu1~18.04.1 running 'init-local' at Fri, 14 Jan 2022 13:55:14 +0000. Up 9.09 seconds.
[[0;32m  OK  [0m] Started Initial cloud-init job (pre-networking).
[[0;32m  OK  [0m] Reached target Network (Pre).
         Starting Network Service...
[[0;32m  OK  [0m] Started Network Service.
         Starting Network Name Resolution...
         Starting Wait for Network to be Configured...
[[0;32m  OK  [0m] Started Network Name Resolution.
[[0;32m  OK  [0m] Reached target Network.
[[0;32m  OK  [0m] Reached target Host and Network Name Lookups.
[[0;32m  OK  [0m] Started Wait for Network to be Configured.
         Starting Initial cloud-init job (metadata service crawler)...
[   11.339659] cloud-init[642]: Cloud-init v. 21.4-0ubuntu1~18.04.1 running 'init' at Fri, 14 Jan 2022 13:55:16 +0000. Up 11.23 seconds.
[   11.346926] cloud-init[642]: ci-info: +++++++++++++++++++++++++++++++++++++Net device info++++++++++++++++++++++++++++++++++++++
[   11.353737] cloud-init[642]: ci-info: +--------+------+---------------------------+---------------+--------+-------------------+
[   11.359847] cloud-init[642]: ci-info: | Device |  Up  |          Address          |      Mask     | Scope  |     Hw-Address    |
[   11.366182] cloud-init[642]: ci-info: +--------+------+---------------------------+---------------+--------+-------------------+
[   11.373034] cloud-init[642]: ci-info: | enp0s3 | True |         10.0.2.15         | 255.255.255.0 | global | 02:0f:94:a1:da:7f |
[   11.379453] cloud-init[642]: ci-info: | enp0s3 | True | fe80::f:94ff:fea1:da7f/64 |       .       |  link  | 02:0f:94:a1:da:7f |
[   11.385778] cloud-init[642]: ci-info: |   lo   | True |         127.0.0.1         |   255.0.0.0   |  host  |         .         |
[   11.391788] cloud-init[642]: ci-info: |   lo   | True |          ::1/128          |       .       |  host  |         .         |
[   11.398551] cloud-init[642]: ci-info: +--------+------+---------------------------+---------------+--------+-------------------+
[   11.405476] cloud-init[642]: ci-info: ++++++++++++++++++++++++++++Route IPv4 info+++++++++++++++++++++++++++++
[   11.411294] cloud-init[642]: ci-info: +-------+-------------+----------+-----------------+-----------+-------+
[   11.417487] cloud-init[642]: ci-info: | Route | Destination | Gateway  |     Genmask     | Interface | Flags |
[   11.423543] cloud-init[642]: ci-info: +-------+-------------+----------+-----------------+-----------+-------+
[   11.429544] cloud-init[642]: ci-info: |   0   |   0.0.0.0   | 10.0.2.2 |     0.0.0.0     |   enp0s3  |   UG  |
[   11.436427] cloud-init[642]: ci-info: |   1   |   10.0.2.0  | 0.0.0.0  |  255.255.255.0  |   enp0s3  |   U   |
[   11.442478] cloud-init[642]: ci-info: |   2   |   10.0.2.2  | 0.0.0.0  | 255.255.255.255 |   enp0s3  |   UH  |
[   11.448096] cloud-init[642]: ci-info: +-------+-------------+----------+-----------------+-----------+-------+
[   11.453579] cloud-init[642]: ci-info: +++++++++++++++++++Route IPv6 info+++++++++++++++++++
[   11.458611] cloud-init[642]: ci-info: +-------+-------------+---------+-----------+-------+
[   11.464355] cloud-init[642]: ci-info: | Route | Destination | Gateway | Interface | Flags |
[   11.471669] cloud-init[642]: ci-info: +-------+-------------+---------+-----------+-------+
[   11.480005] cloud-init[642]: ci-info: |   1   |  fe80::/64  |    ::   |   enp0s3  |   U   |
[   11.488385] cloud-init[642]: ci-info: |   3   |    local    |    ::   |   enp0s3  |   U   |
[   11.496644] cloud-init[642]: ci-info: |   4   |   ff00::/8  |    ::   |   enp0s3  |   U   |
[   11.503730] cloud-init[642]: ci-info: +-------+-------------+---------+-----------+-------+
[   12.205397] cloud-init[642]: Generating public/private rsa key pair.
[   12.210192] cloud-init[642]: Your identification has been saved in /etc/ssh/ssh_host_rsa_key.
[   12.215685] cloud-init[642]: Your public key has been saved in /etc/ssh/ssh_host_rsa_key.pub.
[   12.221148] cloud-init[642]: The key fingerprint is:
[   12.225212] cloud-init[642]: SHA256:wSgchUHj2wcQ3AGq0T3aEKnO3fi7nVNPraUisXDAP9w root@ubuntu-bionic
[   12.230747] cloud-init[642]: The key's randomart image is:
[   12.235091] cloud-init[642]: +---[RSA 2048]----+
[   12.239720] cloud-init[642]: |  .+OBo.         |
[   12.243640] cloud-init[642]: | ..*o+.o         |
[   12.248273] cloud-init[642]: |..+ B o o        |
[   12.253273] cloud-init[642]: |.o + B . .       |
[   12.257887] [[0;32m  OK  [0m] Started Initial cloud-init job (metadata service crawler).
[[0;32m  OK  [0m] Reached target System Initialization.
[[0;32m  OK  [0m] Listening on D-Bus System Message Bus Socket.
[[0;32m  OK  [0m] Listening on cloud-init hotplug hook socket.
[[0;32m  OK  [0m] Started Discard unused blocks once a week.
[[0;32m  OK  [0m] Listening on ACPID Listen Socket.
cloud-init[[0;32m  OK  [0m] Started ACPI Events Check.
[642]: [[0;32m  OK  [0m] Started Trigger to poll for Ubuntu …(Only enabled on GCP LTS non-pro).
[[0;32m  OK  [0m] Reached target Paths.
[[0;32m  OK  [0m] Started Ubuntu Advantage Timer for running repeated jobs.
[[0;32m  OK  [0m] Listening on UUID daemon activation socket.
         Starting Socket activation for snappy daemon.
[[0;32m  OK  [0m] Listening on Open-iSCSI iscsid Socket.
[[0;32m  OK  [0m] Started Daily apt download activities.
[[0;32m  OK  [0m] Started Daily apt upgrade and clean activities.
[[0;32m  OK  [0m] Started Daily Cleanup of Temporary Directories.
[[0;32m  OK  [0m] Started Message of the Day.
[[0;32m  OK  [0m] Reached target Timers.
|+ o = = S   .    |         Starting LXD - unix socket.
[[0;32m  OK  [0m] Reached target Cloud-config availability.
[[0;32m  OK  [0m] Reached target Network is Online.

         Starting Availability of block devices...
[[0;32m  OK  [0m] Reached target Remote File Systems (Pre).
[[0;32m  OK  [0m] Reached target Remote File Systems.
[[0;32m  OK  [0m] Listening on Socket activation for snappy daemon.
[[0;32m  OK  [0m] Listening on LXD - unix socket.
[[0;32m  OK  [0m] Reached target Sockets.
[[0;32m  OK  [0m] Reached target Basic System.
[   12.293717] cloud-init[642]: | o o o B E . o   |
[[0;32m  OK  [0m] Started Regular background program processing daemon.
[   12.311872]          Starting Virtualbox guest utils...
[[0;32m  OK  [0m] Started FUSE filesystem for LXC.
         Starting Accounts Service...
         Starting Pollinate to seed the pseudo random number generator...
         Starting System Logging Service...
         Starting Snap Daemon...
[[0;32m  OK  [0m] Started D-Bus System Message Bus.
cloud-init[642]: |    . o = o +    |
[   12.330418] cloud-init[642]: |     ..+.. +     |
[   12.334251] cloud-init[642]: |     oooo .      |
[   12.338314] cloud-init[642]: +----[SHA256]-----+
[   12.347088] cloud-init[642]: Generating public/private dsa key pair.
[   12.356700] cloud-init[642]: Your identification has been saved in /etc/ssh/ssh_host_dsa_key.
[   12.362713] cloud-init[642]: Your public key has been saved in /etc/ssh/ssh_host_dsa_key.pub.
[   12.371978] cloud-init[642]: The key fingerprint is:
[   12.377033] cloud-init[642]: SHA256:P1eNZr07BAp/Jh6BB2en1irG5AFakfyX8lBHPFIFY7I root@ubuntu-bionic
[   12.382957] cloud-init[642]: The key's randomart image is:
[   12.387194] cloud-init[642]: +---[DSA 1024]----+
[   12.390758] cloud-init[642]: |      ..o  .+*o. |
[   12.394604] cloud-init[642]: |       = . =+=.  |
[   12.399760] cloud-init[642]: |      o o *EB .  |
[   12.405493] cloud-init[642]: |     .   O B o + |
[   12.410898] cloud-init[642]: |        S @ + * o|
[   12.414696] cloud-init[642]: |         * B * ..|
[   12.418217] cloud-init[642]: |        . = * .. |
[   12.422242] cloud-init[642]: |           +   ..|
[   12.426350] cloud-init[642]: |               ..|
[   12.430526] cloud-init[642]: +----[SHA256]-----+
[   12.435074] cloud-init[642]: Generating public/private ecdsa key pair.
[   12.441664] cloud-init[642]: Your identification has been saved in /etc/ssh/ssh_host_ecdsa_key.
[   12.447093] cloud-init[642]: Your public key has been saved in /etc/ssh/ssh_host_ecdsa_key.pub.
[   12.452559] cloud-init[642]: The key fingerprint is:
[   12.457925] cloud-init[642]: SHA256:3OlSzhn2y+UPRNroSW+KwnEgMzKZK34F3PWPeS+s8c4 root@ubuntu-bionic
[   12.464668] cloud-init[642]: The key's randomart image is:
[   12.470057] cloud-init[642]: +---[ECDSA 256]---+
[   12.474990] cloud-init[642]: |                 |
[   12.479289] cloud-init[642]: |        .        |
[   12.484203] cloud-init[642]: |   . + . .    .  |
[   12.488919] cloud-init[642]: |    B =..... =   |
[   12.493031] cloud-init[642]: |     = +S.*++ o  |
[   12.497396] cloud-init[642]: |  . . . .*+*o+   |
[   12.499725] cloud-init[642]: | . . . ..o*o+.=  |
[   12.503183] cloud-init[642]: |  . .   o. *o*.. |
[   12.505313] cloud-init[642]: |   .     .ooE....|
[   12.507199] cloud-init[642]: +----[SHA256]-----+
[   12.509228] cloud-init[642]: Generating public/private ed25519 key pair.
[   12.512279] cloud-init[642]: Your identification has been saved in /etc/ssh/ssh_host_ed25519_key.
[   12.517881] cloud-init[642]: Your public key has been saved in /etc/ssh/ssh_host_ed25519_key.pub.
[   12.523422] cloud-init[642]: The key fingerprint is:
[   12.525948] cloud-init[642]: SHA256:7qi9SENyoZ2c2K0Yu8d85TVxrflwjOcqYDD3n24aEUY root@ubuntu-bionic
[   12.529792] cloud-init[642]: The key's randomart image is:
[   12.532791] cloud-init[642]: +--[ED25519 256]--+
[   12.534871] cloud-init[642]: |          E      |
[   12.537131] cloud-init[642]: |         .       |
[   12.539166] cloud-init[642]: |    .     o  .   |
[   12.543950] cloud-init[642]: |   * =o ..... .  |
[   12.548958] cloud-init[642]: |  = O .+S..o =   |
[   12.553875] cloud-init[642]: |   B . .+ +.= +  |
[   12.557652] cloud-init[642]: |  oo+  +.o.o B   |
[   12.562075] cloud-init[642]: |   o++.o. ..+ o  |
[   12.569131] cloud-init[642]: |  ..oo+.. .=o.   |
[   12.575617] cloud-init[642]: +----[SHA256]-----+
[[0;32m  OK  [0m] Started irqbalance daemon.
         Starting LSB: Record successful boot for GRUB...
         Starting Dispatcher daemon for systemd-networkd...
         Starting Permit User Sessions...
         Starting LSB: automatic crash report generation...
[[0;32m  OK  [0m] Started Deferred execution scheduler.
         Starting LXD - container startup/shutdown...
         Starting Login Service...
[[0;32m  OK  [0m] Started System Logging Service.
[[0;32m  OK  [0m] Started Availability of block devices.
[[0;32m  OK  [0m] Started Permit User Sessions.
         Starting Authorization Manager...
         Starting Terminate Plymouth Boot Screen...
         Starting Hold until boot process finishes up...
[[0;32m  OK  [0m] Started Hold until boot process finishes up.
[[0;32m  OK  [0m] Started Terminate Plymouth Boot Screen.
[[0;32m  OK  [0m] Started Login Service.
[[0;32m  OK  [0m] Started Unattended Upgrades Shutdown.
[[0;32m  OK  [0m] Started Serial Getty on ttyS0.
         Starting Set console scheme...
[[0;32m  OK  [0m] Started LSB: automatic crash report generation.
[[0;32m  OK  [0m] Started Set console scheme.
[[0;32m  OK  [0m] Created slice system-getty.slice.
[[0;32m  OK  [0m] Started Getty on tty1.
[[0;32m  OK  [0m] Reached target Login Prompts.
[[0;32m  OK  [0m] Started Authorization Manager.
[[0;32m  OK  [0m] Started Accounts Service.
[[0;32m  OK  [0m] Started Virtualbox guest utils.
[[0;32m  OK  [0m] Started LSB: Record successful boot for GRUB.
[[0;32m  OK  [0m] Started LXD - container startup/shutdown.
[[0;32m  OK  [0m] Started Dispatcher daemon for systemd-networkd.
[[0;32m  OK  [0m] Started Snap Daemon.
         Starting Wait until snapd is fully seeded...
[[0;32m  OK  [0m] Started Pollinate to seed the pseudo random number generator.
         Starting OpenBSD Secure Shell server...
[[0;32m  OK  [0m] Started OpenBSD Secure Shell server.
[[0;32m  OK  [0m] Created slice User Slice of vagrant.
         Starting User Manager for UID 1000...
[[0;32m  OK  [0m] Started Session 1 of user vagrant.
[[0;32m  OK  [0m] Started User Manager for UID 1000.
[[0;32m  OK  [0m] Started Wait until snapd is fully seeded.
         Starting Apply the settings specified in cloud-config...
[[0;32m  OK  [0m] Reached target Multi-User System.
[[0;32m  OK  [0m] Reached target Graphical Interface.
         Starting Update UTMP about System Runlevel Changes...
[[0;32m  OK  [0m] Started Update UTMP about System Runlevel Changes.
[   18.115216] cloud-init[1326]: Cloud-init v. 21.4-0ubuntu1~18.04.1 running 'modules:config' at Fri, 14 Jan 2022 13:55:23 +0000. Up 17.69 seconds.
ci-info: no authorized SSH keys fingerprints found for user ubuntu.
<14>Jan 14 13:55:24 cloud-init: #############################################################
<14>Jan 14 13:55:24 cloud-init: -----BEGIN SSH HOST KEY FINGERPRINTS-----
<14>Jan 14 13:55:24 cloud-init: 1024 SHA256:P1eNZr07BAp/Jh6BB2en1irG5AFakfyX8lBHPFIFY7I root@ubuntu-bionic (DSA)
<14>Jan 14 13:55:24 cloud-init: 256 SHA256:3OlSzhn2y+UPRNroSW+KwnEgMzKZK34F3PWPeS+s8c4 root@ubuntu-bionic (ECDSA)
<14>Jan 14 13:55:24 cloud-init: 256 SHA256:7qi9SENyoZ2c2K0Yu8d85TVxrflwjOcqYDD3n24aEUY root@ubuntu-bionic (ED25519)
<14>Jan 14 13:55:24 cloud-init: 2048 SHA256:wSgchUHj2wcQ3AGq0T3aEKnO3fi7nVNPraUisXDAP9w root@ubuntu-bionic (RSA)
<14>Jan 14 13:55:24 cloud-init: -----END SSH HOST KEY FINGERPRINTS-----
<14>Jan 14 13:55:24 cloud-init: #############################################################
-----BEGIN SSH HOST KEY KEYS-----
ecdsa-sha2-nistp256 AAAAE2VjZHNhLXNoYTItbmlzdHAyNTYAAAAIbmlzdHAyNTYAAABBBB6eOnW9wQ3lhcVZsjngyWaftQM97bSbVnUtd2X33cvhctRV+xghZLgRNGg7FHfJxxhMYnB1kHTGgpW9bJzR+OY= root@ubuntu-bionic
ssh-ed25519 AAAAC3NzaC1lZDI1NTE5AAAAIAdtcLYKKc1p1iQxSDjfSU/n6ufxMv9I71Ve7FE1+TuN root@ubuntu-bionic
ssh-rsa AAAAB3NzaC1yc2EAAAADAQABAAABAQC+uVOv5MVEmKrUAzeEba8qEpV90Om3zgNDdtuR5hckmRBMugvQEBy56gON/V1EQawdJhFQ2dP1KlcnH75jdmlUEqEivO0Pibfwu+4qzlgt8DI326UiyxT564HxHvdsaU72WJogeoGej4cEtBc9pBSuHr+4PD3/F3EilyF/uFK4zkZyIgLax51d3YY1a/VKyJ1NgeM0ku5VKUaMoDLooIVmNrOARZza8Uk1B++2sgUdXkoBOX/yuM1Cz6dG6VO3slCrjr+osdGhqadQ1LryxOr0asanvEI5P6Xhuo3ZqBG1kCoifiGNIDwbdTXYBalKOl4PYKzFZMIV7/QDxrUtb8RH root@ubuntu-bionic
-----END SSH HOST KEY KEYS-----
[   18.625673] cloud-init[1483]: Cloud-init v. 21.4-0ubuntu1~18.04.1 running 'modules:final' at Fri, 14 Jan 2022 13:55:24 +0000. Up 18.46 seconds.
[   18.632614] cloud-init[1483]: ci-info: no authorized SSH keys fingerprints found for user ubuntu.
[   18.637921] cloud-init[1483]: Cloud-init v. 21.4-0ubuntu1~18.04.1 finished at Fri, 14 Jan 2022 13:55:24 +0000. Datasource DataSourceNoCloud [seed=/dev/sdb][dsmode=net].  Up 18.61 seconds

Ubuntu 18.04.6 LTS ubuntu-bionic ttyS0

ubuntu-bionic login: 